<?xml version="1.0" encoding="UTF-8"?>
<!-- Generated by org.testng.reporters.JUnitReportReporter -->
<testsuite hostname="DESKTOP-4NPO5VH" failures="0" tests="3" name="tests.PutPatchDeleteExamples" time="1.684" errors="0" timestamp="2023-07-07T15:25:53 IST" skipped="0">
  <testcase classname="tests.PutPatchDeleteExamples" name="testPUT" time="0.670"/>
  <testcase classname="tests.PutPatchDeleteExamples" name="testPATCH" time="0.510"/>
  <testcase classname="tests.PutPatchDeleteExamples" name="testDELETE" time="0.504"/>
</testsuite> <!-- tests.PutPatchDeleteExamples -->
