<?xml version="1.0" encoding="UTF-8"?>
<!-- Generated by org.testng.reporters.JUnitReportReporter -->
<testsuite hostname="DESKTOP-4NPO5VH" failures="0" tests="1" name="tests.GetAndPostExamples" time="1.902" errors="0" timestamp="2023-07-06T14:39:04 IST" skipped="0">
  <testcase classname="tests.GetAndPostExamples" name="testPOST" time="1.902"/>
</testsuite> <!-- tests.GetAndPostExamples -->
