<?xml version="1.0" encoding="UTF-8"?>
<!-- Generated by org.testng.reporters.JUnitReportReporter -->
<testsuite hostname="DESKTOP-4NPO5VH" failures="0" tests="1" name="tests.PracticeCalc" time="1.569" errors="0" timestamp="2023-07-07T11:18:15 IST" skipped="0">
  <testcase classname="tests.PracticeCalc" name="addtest" time="1.569"/>
</testsuite> <!-- tests.PracticeCalc -->
