<?xml version="1.0" encoding="UTF-8"?>
<!-- Generated by org.testng.reporters.JUnitReportReporter -->
<testsuite hostname="DESKTOP-4NPO5VH" failures="0" tests="4" name="tests.CalculatorSoapAPI" time="6.210" errors="0" timestamp="2023-07-07T14:49:20 IST" skipped="0">
  <testcase classname="tests.CalculatorSoapAPI" name="AddSoapAPI" time="2.671"/>
  <testcase classname="tests.CalculatorSoapAPI" name="SubtractSoapAPI" time="1.186"/>
  <testcase classname="tests.CalculatorSoapAPI" name="MultiplySoapAPI" time="0.585"/>
  <testcase classname="tests.CalculatorSoapAPI" name="DivideSoapAPI" time="1.768"/>
</testsuite> <!-- tests.CalculatorSoapAPI -->
