<?xml version="1.0" encoding="UTF-8"?>
<!-- Generated by org.testng.reporters.JUnitReportReporter -->
<testsuite hostname="DESKTOP-4NPO5VH" failures="0" tests="2" name="tests.TestExamples" time="0.633" errors="0" timestamp="2023-07-07T15:25:53 IST" skipped="0">
  <testcase classname="tests.TestExamples" name="test_1" time="0.123"/>
  <testcase classname="tests.TestExamples" name="test_2" time="0.510"/>
</testsuite> <!-- tests.TestExamples -->
