<?xml version="1.0" encoding="UTF-8"?>
<!-- Generated by org.testng.reporters.JUnitReportReporter -->
<testsuite hostname="DESKTOP-4NPO5VH" failures="0" tests="2" name="tests.CalculatorSoapAPI" time="3.931" errors="0" timestamp="2023-07-06T18:21:18 IST" skipped="0">
  <testcase classname="tests.CalculatorSoapAPI" name="SubtractSoapAPI" time="2.719"/>
  <testcase classname="tests.CalculatorSoapAPI" name="AddSoapAPI" time="1.212"/>
</testsuite> <!-- tests.CalculatorSoapAPI -->
