<?xml version="1.0" encoding="UTF-8"?>
<!-- Generated by org.testng.reporters.JUnitReportReporter -->
<testsuite hostname="DESKTOP-4NPO5VH" failures="0" tests="1" name="tests.JSONSchemaValidator" time="1.584" errors="0" timestamp="2023-07-05T17:15:31 IST" skipped="0">
  <testcase classname="tests.JSONSchemaValidator" name="testGET" time="1.584"/>
</testsuite> <!-- tests.JSONSchemaValidator -->
