<?xml version="1.0" encoding="UTF-8"?>
<!-- Generated by org.testng.reporters.JUnitReportReporter -->
<testsuite hostname="DESKTOP-4NPO5VH" failures="0" tests="2" name="tests.SoapXMLRequest" time="3.807" errors="0" timestamp="2023-07-06T18:14:14 IST" skipped="0">
  <testcase classname="tests.SoapXMLRequest" name="SubtractSoapAPI" time="1.196"/>
  <testcase classname="tests.SoapXMLRequest" name="AddSoapAPI" time="2.611"/>
</testsuite> <!-- tests.SoapXMLRequest -->
