<?xml version="1.0" encoding="UTF-8"?>
<!-- Generated by org.testng.reporters.JUnitReportReporter -->
<testsuite hostname="DESKTOP-4NPO5VH" failures="0" tests="1" name="tests.LocalAPITest" time="1.060" errors="0" timestamp="2023-07-05T15:23:08 IST" skipped="0">
  <testcase classname="tests.LocalAPITest" name="get" time="1.060"/>
</testsuite> <!-- tests.LocalAPITest -->
