<?xml version="1.0" encoding="UTF-8"?>
<!-- Generated by org.testng.reporters.JUnitReportReporter -->
<testsuite hostname="DESKTOP-4NPO5VH" failures="0" tests="2" name="tests.TestExamples" time="1.292" errors="0" timestamp="2023-07-04T17:46:28 IST" skipped="0">
  <testcase classname="tests.TestExamples" name="test_1" time="1.162"/>
  <testcase classname="tests.TestExamples" name="test_2" time="0.130"/>
</testsuite> <!-- tests.TestExamples -->
