<?xml version="1.0" encoding="UTF-8"?>
<!-- Generated by org.testng.reporters.JUnitReportReporter -->
<testsuite hostname="DESKTOP-4NPO5VH" failures="0" tests="4" name="tests.CalculatorSoapAPI" time="5.078" errors="0" timestamp="2023-07-07T14:26:47 IST" skipped="0">
  <testcase classname="tests.CalculatorSoapAPI" name="AddSoapAPI" time="2.681"/>
  <testcase classname="tests.CalculatorSoapAPI" name="SubtractSoapAPI" time="1.212"/>
  <testcase classname="tests.CalculatorSoapAPI" name="MultiplySoapAPI" time="0.603"/>
  <testcase classname="tests.CalculatorSoapAPI" name="DivideSoapAPI" time="0.582"/>
</testsuite> <!-- tests.CalculatorSoapAPI -->
