<?xml version="1.0" encoding="UTF-8"?>
<!-- Generated by org.testng.reporters.JUnitReportReporter -->
<testsuite hostname="DESKTOP-4NPO5VH" failures="0" tests="3" name="tests.PutPatchDeleteExamples" time="2.693" errors="0" timestamp="2023-07-05T13:14:51 IST" skipped="0">
  <testcase classname="tests.PutPatchDeleteExamples" name="testDELETE" time="1.552"/>
  <testcase classname="tests.PutPatchDeleteExamples" name="testPATCH" time="0.511"/>
  <testcase classname="tests.PutPatchDeleteExamples" name="testPUT" time="0.630"/>
</testsuite> <!-- tests.PutPatchDeleteExamples -->
