<?xml version="1.0" encoding="UTF-8"?>
<!-- Generated by org.testng.reporters.JUnitReportReporter -->
<testsuite hostname="DESKTOP-4NPO5VH" failures="0" tests="4" name="tests.CalculatorSoapAPI" time="9.350" errors="0" timestamp="2023-07-07T15:34:04 IST" skipped="0">
  <testcase classname="tests.CalculatorSoapAPI" name="AddSoapAPI" time="2.610"/>
  <testcase classname="tests.CalculatorSoapAPI" name="SubtractSoapAPI" time="4.289"/>
  <testcase classname="tests.CalculatorSoapAPI" name="MultiplySoapAPI" time="0.619"/>
  <testcase classname="tests.CalculatorSoapAPI" name="DivideSoapAPI" time="1.832"/>
</testsuite> <!-- tests.CalculatorSoapAPI -->
